Godot Engine v3.2.3.stable.official - https://godotengine.org
OpenGL ES 3.0 Renderer: Intel(R) Iris(TM) Plus Graphics 645
 
Registered camera FaceTime HD Camera (Built-in) with id 1 position 0 at index 0
**ERROR**: Failed to get modified time for: res://font.ttf.
   At: drivers/unix/file_access_unix.cpp:321:_get_modified_time() - Method failed. Returning: 0
**ERROR**: Condition "err" is true. Returned: err
   At: modules/gdscript/gdscript.cpp:829:load_source_code() - Condition "err" is true. Returned: err
**ERROR**: Cannot load source code from file 'res://Menu.gd'.
   At: modules/gdscript/gdscript.cpp:2286:load() - Condition "err != OK" is true. Returned: RES()
**ERROR**: Failed loading resource: res://Menu.gd. Make sure resources have been imported by opening the project in the editor at least once.
   At: core/io/resource_loader.cpp:279:_load() - Condition "found" is true. Returned: RES()
**ERROR**: res://HUD.tscn:17 - Parse Error: [ext_resource] referenced nonexistent resource at: res://Menu.gd
   At: scene/resources/resource_format_text.cpp:440:poll() - res://HUD.tscn:17 - Parse Error: [ext_resource] referenced nonexistent resource at: res://Menu.gd
**ERROR**: Failed to load resource 'res://HUD.tscn'.
   At: core/io/resource_loader.cpp:208:load() - Condition "err != OK" is true. Returned: RES()
**ERROR**: Failed loading resource: res://HUD.tscn. Make sure resources have been imported by opening the project in the editor at least once.
   At: core/io/resource_loader.cpp:279:_load() - Condition "found" is true. Returned: RES()
**ERROR**: res://Level4.tscn:3 - Parse Error: [ext_resource] referenced nonexistent resource at: res://HUD.tscn
   At: scene/res**WARNING**: ObjectDB instances leaked at exit (run with --verbose for details).
   At: core/object.cpp:2135:cleanup() - ObjectDB instances leaked at exit (run with --verbose for details).
evel4.tscn'.
   At: core/io/resource_loader.cpp:208:load() - Condition "err != OK" is true. Returned: RES()
**ERROR**: Failed loading resource: res://Level4.tscn. Make sure resources have been imported by opening the project in the editor at least once.
   At: core/io/resource_loader.cpp:279:_load() - Condition "found" is true. Returned: RES()
**ERROR**: Failed loading scene: res://Level4.tscn
   At: main/main.cpp:1944:start() - Condition "!scene" is true. Returned: false
**WARNING**: ObjectDB instances leaked at exit (run with --verbose for details).
   At: core/object.cpp:2135:cleanup() - ObjectDB instances leaked at exit (run with --verbose for details).
